<?xml version="1.0" encoding="UTF-8"?>
<testsuite xmlns:xsi="http://www.w3.org/2001/XMLSchema-instance" xsi:noNamespaceSchemaLocation="https://maven.apache.org/surefire/maven-surefire-plugin/xsd/surefire-test-report-3.0.xsd" version="3.0" name="TestSuite" time="46.548" tests="1" errors="0" skipped="0" failures="1">
  <properties>
[...]
</properties>
  <testcase name="search_for_selenium" classname="Test.google" time="45.68">
    <failure message="no such element: Unable to locate element: {&quot;method&quot;:&quot;xpath&quot;,&quot;selector&quot;:&quot;//*[@id=&quot;rso&quot;]/div[3]/div[2]/div/div[1]/a/h3&quot;}&#10;  (Session info: chrome=80.0.3987.149)&#10;For documentation on this error, please visit: https://www.seleniumhq.org/exceptions/no_such_element.html&#10;Build info: version: &apos;3.141.59&apos;, revision: &apos;e82be7d358&apos;, time: &apos;2018-11-14T08:17:03&apos;&#10;System info: host: &apos;KAVITASLAPTOP&apos;, ip: &apos;192.168.86.33&apos;, os.name: &apos;Windows 10&apos;, os.arch: &apos;amd64&apos;, os.version: &apos;10.0&apos;, java.version: &apos;1.8.0_241&apos;&#10;Driver info: org.openqa.selenium.chrome.ChromeDriver&#10;Capabilities {acceptInsecureCerts: false, browserName: chrome, browserVersion: 80.0.3987.149, chrome: {chromedriverVersion: 80.0.3987.106 (f68069574609..., userDataDir: C:\Users\kavit\AppData\Loca...}, goog:chromeOptions: {debuggerAddress: localhost:56763}, javascriptEnabled: true, networkConnectionEnabled: false, pageLoadStrategy: normal, platform: WINDOWS, platformName: WINDOWS, proxy: Proxy(), setWindowRect: true, strictFileInteractability: false, timeouts: {implicit: 0, pageLoad: 300000, script: 30000}, unhandledPromptBehavior: dismiss and notify}&#10;Session ID: 97b0d5ba8c7c7c6a381cf4842783b791&#10;*** Element info: {Using=xpath, value=//*[@id=&quot;rso&quot;]/div[3]/div[2]/div/div[1]/a/h3}" type="org.openqa.selenium.NoSuchElementException"><![CDATA[org.openqa.selenium.NoSuchElementException: 
no such element: Unable to locate element: {"method":"xpath","selector":"//*[@id="rso"]/div[3]/div[2]/div/div[1]/a/h3"}
  (Session info: chrome=80.0.3987.149)
For documentation on this error, please visit: https://www.seleniumhq.org/exceptions/no_such_element.html
Build info: version: '3.141.59', revision: 'e82be7d358', time: '2018-11-14T08:17:03'
System info: host: 'KAVITASLAPTOP', ip: '192.168.86.33', os.name: 'Windows 10', os.arch: 'amd64', os.version: '10.0', java.version: '1.8.0_241'
Driver info: org.openqa.selenium.chrome.ChromeDriver
Capabilities {acceptInsecureCerts: false, browserName: chrome, browserVersion: 80.0.3987.149, chrome: {chromedriverVersion: 80.0.3987.106 (f68069574609..., userDataDir: C:\Users\kavit\AppData\Loca...}, goog:chromeOptions: {debuggerAddress: localhost:56763}, javascriptEnabled: true, networkConnectionEnabled: false, pageLoadStrategy: normal, platform: WINDOWS, platformName: WINDOWS, proxy: Proxy(), setWindowRect: true, strictFileInteractability: false, timeouts: {implicit: 0, pageLoad: 300000, script: 30000}, unhandledPromptBehavior: dismiss and notify}
Session ID: 97b0d5ba8c7c7c6a381cf4842783b791
*** Element info: {Using=xpath, value=//*[@id="rso"]/div[3]/div[2]/div/div[1]/a/h3}
	at Test.google.search_for_selenium(google.java:24)
]]></failure>
    <system-err><![CDATA[Starting ChromeDriver 80.0.3987.106 (f68069574609230cf9b635cd784cfb1bf81bb53a-refs/branch-heads/3987@{#882}) on port 18811
Only local connections are allowed.
Please protect ports used by ChromeDriver and related test frameworks to prevent access by malicious code.
[1585669137.364][WARNING]: Timed out connecting to Chrome, retrying...
Mar 31, 2020 11:38:59 AM org.openqa.selenium.remote.ProtocolHandshake createSession
INFO: Detected dialect: W3C
[1585669141.495][WARNING]: Timed out connecting to Chrome, retrying...
[1585669144.636][SEVERE]: Timed out receiving message from renderer: 0.100
[1585669145.074][SEVERE]: Timed out receiving message from renderer: 0.100
[1585669145.475][SEVERE]: Timed out receiving message from renderer: 0.100
[1585669146.257][SEVERE]: Timed out receiving message from renderer: 0.100
[1585669146.359][SEVERE]: Timed out receiving message from renderer: 0.100
[1585669146.464][SEVERE]: Timed out receiving message from renderer: 0.100
[1585669146.592][SEVERE]: Timed out receiving message from renderer: 0.100
[1585669146.865][SEVERE]: Timed out receiving message from renderer: 0.100
[1585669147.196][SEVERE]: Timed out receiving message from renderer: 0.100
[1585669147.297][SEVERE]: Timed out receiving message from renderer: 0.100
]]></system-err>
  </testcase>
</testsuite>